-----------------------------------
1 1
6 1 1 1
-----------------------------------
1 2
10 1 1 2
-----------------------------------
1 3
14 1 1 3
-----------------------------------
1 2 4
16 1 2 2
-----------------------------------
1 5
22 1 1 5
-----------------------------------
1 2 3 6
22 1 2 3
-----------------------------------
1 7
30 1 1 7
-----------------------------------
1 2 4 8
24 2 2 2
-----------------------------------
1 3 9
30 1 3 3
-----------------------------------
1 2 5 10
34 1 2 5
-----------------------------------
1 11
46 1 1 11
-----------------------------------
1 2 3 4 6 12
32 2 2 3
-----------------------------------
1 13
54 1 1 13
-----------------------------------
1 2 7 14
46 1 2 7
-----------------------------------
1 3 5 15
46 1 3 5
-----------------------------------
1 2 4 8 16
40 2 2 4
-----------------------------------
1 17
70 1 1 17
-----------------------------------
1 2 3 6 9 18
42 2 3 3
-----------------------------------
1 19
78 1 1 19
-----------------------------------
1 2 4 5 10 20
48 2 2 5
-----------------------------------
1 3 7 21
62 1 3 7
-----------------------------------
1 2 11 22
70 1 2 11
-----------------------------------
1 23
94 1 1 23
-----------------------------------
1 2 3 4 6 8 12 24
52 2 3 4
-----------------------------------
1 5 25
70 1 5 5
-----------------------------------
1 2 13 26
82 1 2 13
-----------------------------------
1 3 9 27
54 3 3 3
-----------------------------------
1 2 4 7 14 28
64 2 2 7
-----------------------------------
1 29
118 1 1 29
-----------------------------------
1 2 3 5 6 10 15 30
62 2 3 5
-----------------------------------
1 31
126 1 1 31
-----------------------------------
1 2 4 8 16 32
64 2 4 4
-----------------------------------
1 3 11 33
94 1 3 11
-----------------------------------
1 2 17 34
106 1 2 17
-----------------------------------
1 5 7 35
94 1 5 7
-----------------------------------
1 2 3 4 6 9 12 18 36
66 3 3 4
-----------------------------------
1 37
150 1 1 37
-----------------------------------
1 2 19 38
118 1 2 19
-----------------------------------
1 3 13 39
110 1 3 13
-----------------------------------
1 2 4 5 8 10 20 40
76 2 4 5
-----------------------------------
1 41
166 1 1 41
-----------------------------------
1 2 3 6 7 14 21 42
82 2 3 7
-----------------------------------
1 43
174 1 1 43
-----------------------------------
1 2 4 11 22 44
96 2 2 11
-----------------------------------
1 3 5 9 15 45
78 3 3 5
-----------------------------------
1 2 23 46
142 1 2 23
-----------------------------------
1 47
190 1 1 47
-----------------------------------
1 2 3 4 6 8 12 16 24 48
80 3 4 4
-----------------------------------
1 7 49
126 1 7 7
-----------------------------------
1 2 5 10 25 50
90 2 5 5
-----------------------------------
1 3 17 51
142 1 3 17
-----------------------------------
1 2 4 13 26 52
112 2 2 13
-----------------------------------
1 53
214 1 1 53
-----------------------------------
1 2 3 6 9 18 27 54
90 3 3 6
-----------------------------------
1 5 11 55
142 1 5 11
-----------------------------------
1 2 4 7 8 14 28 56
100 2 4 7
-----------------------------------
1 3 19 57
158 1 3 19
-----------------------------------
1 2 29 58
178 1 2 29
-----------------------------------
1 59
238 1 1 59
-----------------------------------
1 2 3 4 5 6 10 12 15 20 30 60
94 3 4 5
-----------------------------------
1 61
246 1 1 61
-----------------------------------
1 2 31 62
190 1 2 31
-----------------------------------
1 3 7 9 21 63
102 3 3 7
-----------------------------------
1 2 4 8 16 32 64
96 4 4 4
-----------------------------------
1 5 13 65
166 1 5 13
-----------------------------------
1 2 3 6 11 22 33 66
122 2 3 11
-----------------------------------
1 67
270 1 1 67
-----------------------------------
1 2 4 17 34 68
144 2 2 17
-----------------------------------
1 3 23 69
190 1 3 23
-----------------------------------
1 2 5 7 10 14 35 70
118 2 5 7
-----------------------------------
1 71
286 1 1 71
-----------------------------------
1 2 3 4 6 8 9 12 18 24 36 72
108 3 4 6
-----------------------------------
1 73
294 1 1 73
-----------------------------------
1 2 37 74
226 1 2 37
-----------------------------------
1 3 5 15 25 75
110 3 5 5
-----------------------------------
1 2 4 19 38 76
160 2 2 19
-----------------------------------
1 7 11 77
190 1 7 11
-----------------------------------
1 2 3 6 13 26 39 78
142 2 3 13
-----------------------------------
1 79
318 1 1 79
-----------------------------------
1 2 4 5 8 10 16 20 40 80
112 4 4 5
-----------------------------------
1 3 9 27 81
126 3 3 9
-----------------------------------
1 2 41 82
250 1 2 41
-----------------------------------
1 83
334 1 1 83
-----------------------------------
1 2 3 4 6 7 12 14 21 28 42 84
122 3 4 7
-----------------------------------
1 5 17 85
214 1 5 17
-----------------------------------
1 2 43 86
262 1 2 43
-----------------------------------
1 3 29 87
238 1 3 29
-----------------------------------
1 2 4 8 11 22 44 88
148 2 4 11
-----------------------------------
1 89
358 1 1 89
-----------------------------------
1 2 3 5 6 9 10 15 18 30 45 90
126 3 5 6
-----------------------------------
1 7 13 91
222 1 7 13
-----------------------------------
1 2 4 23 46 92
192 2 2 23
-----------------------------------
1 3 31 93
254 1 3 31
-----------------------------------
1 2 47 94
286 1 2 47
-----------------------------------
1 5 19 95
238 1 5 19
-----------------------------------
1 2 3 4 6 8 12 16 24 32 48 96
128 4 4 6
-----------------------------------
1 97
390 1 1 97
-----------------------------------
1 2 7 14 49 98
154 2 7 7
-----------------------------------
1 3 9 11 33 99
150 3 3 11
-----------------------------------
1 2 4 5 10 20 25 50 100
130 4 5 5
-----------------------------------
1 101
406 1 1 101
-----------------------------------
1 2 3 6 17 34 51 102
182 2 3 17
-----------------------------------
1 103
414 1 1 103
-----------------------------------
1 2 4 8 13 26 52 104
172 2 4 13
-----------------------------------
1 3 5 7 15 21 35 105
142 3 5 7
-----------------------------------
1 2 53 106
322 1 2 53
-----------------------------------
1 107
430 1 1 107
-----------------------------------
1 2 3 4 6 9 12 18 27 36 54 108
144 3 6 6
-----------------------------------
1 109
438 1 1 109
-----------------------------------
1 2 5 10 11 22 55 110
174 2 5 11
-----------------------------------
1 3 37 111
302 1 3 37
-----------------------------------
1 2 4 7 8 14 16 28 56 112
144 4 4 7
-----------------------------------
1 113
454 1 1 113
-----------------------------------
1 2 3 6 19 38 57 114
202 2 3 19
-----------------------------------
1 5 23 115
286 1 5 23
-----------------------------------
1 2 4 29 58 116
240 2 2 29
-----------------------------------
1 3 9 13 39 117
174 3 3 13
-----------------------------------
1 2 59 118
358 1 2 59
-----------------------------------
1 7 17 119
286 1 7 17
-----------------------------------
1 2 3 4 5 6 8 10 12 15 20 24 30 40 60 120
148 4 5 6
-----------------------------------
1 11 121
286 1 11 11
-----------------------------------
1 2 61 122
370 1 2 61
-----------------------------------
1 3 41 123
334 1 3 41
-----------------------------------
1 2 4 31 62 124
256 2 2 31
-----------------------------------
1 5 25 125
150 5 5 5
-----------------------------------
1 2 3 6 7 9 14 18 21 42 63 126
162 3 6 7
-----------------------------------
1 127
510 1 1 127
-----------------------------------
1 2 4 8 16 32 64 128
160 4 4 8
-----------------------------------
1 3 43 129
350 1 3 43
-----------------------------------
1 2 5 10 13 26 65 130
202 2 5 13
-----------------------------------
1 131
526 1 1 131
-----------------------------------
1 2 3 4 6 11 12 22 33 44 66 132
178 3 4 11
-----------------------------------
1 7 19 133
318 1 7 19
-----------------------------------
1 2 67 134
406 1 2 67
-----------------------------------
1 3 5 9 15 27 45 135
174 3 5 9
-----------------------------------
1 2 4 8 17 34 68 136
220 2 4 17
-----------------------------------
1 137
550 1 1 137
-----------------------------------
1 2 3 6 23 46 69 138
242 2 3 23
-----------------------------------
1 139
558 1 1 139
-----------------------------------
1 2 4 5 7 10 14 20 28 35 70 140
166 4 5 7
-----------------------------------
1 3 47 141
382 1 3 47
-----------------------------------
1 2 71 142
430 1 2 71
-----------------------------------
1 11 13 143
334 1 11 13
-----------------------------------
1 2 3 4 6 8 9 12 16 18 24 36 48 72 144
168 4 6 6
-----------------------------------
1 5 29 145
358 1 5 29
-----------------------------------
1 2 73 146
442 1 2 73
-----------------------------------
1 3 7 21 49 147
182 3 7 7
-----------------------------------
1 2 4 37 74 148
304 2 2 37
-----------------------------------
1 149
598 1 1 149
-----------------------------------
1 2 3 5 6 10 15 25 30 50 75 150
170 5 5 6
-----------------------------------
1 151
606 1 1 151
-----------------------------------
1 2 4 8 19 38 76 152
244 2 4 19
-----------------------------------
1 3 9 17 51 153
222 3 3 17
-----------------------------------
1 2 7 11 14 22 77 154
226 2 7 11
-----------------------------------
1 5 31 155
382 1 5 31
-----------------------------------
1 2 3 4 6 12 13 26 39 52 78 156
206 3 4 13
-----------------------------------
1 157
630 1 1 157
-----------------------------------
1 2 79 158
478 1 2 79
-----------------------------------
1 3 53 159
430 1 3 53
-----------------------------------
1 2 4 5 8 10 16 20 32 40 80 160
184 4 5 8
-----------------------------------
1 7 23 161
382 1 7 23
-----------------------------------
1 2 3 6 9 18 27 54 81 162
198 3 6 9
-----------------------------------
1 163
654 1 1 163
-----------------------------------
1 2 4 41 82 164
336 2 2 41
-----------------------------------
1 3 5 11 15 33 55 165
206 3 5 11
-----------------------------------
1 2 83 166
502 1 2 83
-----------------------------------
1 167
670 1 1 167
-----------------------------------
1 2 3 4 6 7 8 12 14 21 24 28 42 56 84 168
188 4 6 7
-----------------------------------
1 13 169
390 1 13 13
-----------------------------------
1 2 5 10 17 34 85 170
258 2 5 17
-----------------------------------
1 3 9 19 57 171
246 3 3 19
-----------------------------------
1 2 4 43 86 172
352 2 2 43
-----------------------------------
1 173
694 1 1 173
-----------------------------------
1 2 3 6 29 58 87 174
302 2 3 29
-----------------------------------
1 5 7 25 35 175
190 5 5 7
-----------------------------------
1 2 4 8 11 16 22 44 88 176
208 4 4 11
-----------------------------------
1 3 59 177
478 1 3 59
-----------------------------------
1 2 89 178
538 1 2 89
-----------------------------------
1 179
718 1 1 179
-----------------------------------
1 2 3 4 5 6 9 10 12 15 18 20 30 36 45 60 90 180
192 5 6 6
-----------------------------------
1 181
726 1 1 181
-----------------------------------
1 2 7 13 14 26 91 182
262 2 7 13
-----------------------------------
1 3 61 183
494 1 3 61
-----------------------------------
1 2 4 8 23 46 92 184
292 2 4 23
-----------------------------------
1 5 37 185
454 1 5 37
-----------------------------------
1 2 3 6 31 62 93 186
322 2 3 31
-----------------------------------
1 11 17 187
430 1 11 17
-----------------------------------
1 2 4 47 94 188
384 2 2 47
-----------------------------------
1 3 7 9 21 27 63 189
222 3 7 9
-----------------------------------
1 2 5 10 19 38 95 190
286 2 5 19
-----------------------------------
1 191
766 1 1 191
-----------------------------------
1 2 3 4 6 8 12 16 24 32 48 64 96 192
208 4 6 8
-----------------------------------
1 193
774 1 1 193
-----------------------------------
1 2 97 194
586 1 2 97
-----------------------------------
1 3 5 13 15 39 65 195
238 3 5 13
-----------------------------------
1 2 4 7 14 28 49 98 196
210 4 7 7
-----------------------------------
1 197
790 1 1 197
-----------------------------------
1 2 3 6 9 11 18 22 33 66 99 198
234 3 6 11
-----------------------------------
1 199
798 1 1 199
-----------------------------------
1 2 4 5 8 10 20 25 40 50 100 200
210 5 5 8
-----------------------------------
1 3 67 201
542 1 3 67
-----------------------------------
1 2 101 202
610 1 2 101
-----------------------------------
1 7 29 203
478 1 7 29
-----------------------------------
1 2 3 4 6 12 17 34 51 68 102 204
262 3 4 17
-----------------------------------
1 5 41 205
502 1 5 41
-----------------------------------
1 2 103 206
622 1 2 103
-----------------------------------
1 3 9 23 69 207
294 3 3 23
-----------------------------------
1 2 4 8 13 16 26 52 104 208
240 4 4 13
-----------------------------------
1 11 19 209
478 1 11 19
-----------------------------------
1 2 3 5 6 7 10 14 15 21 30 35 42 70 105 210
214 5 6 7
-----------------------------------
1 211
846 1 1 211
-----------------------------------
1 2 4 53 106 212
432 2 2 53
-----------------------------------
1 3 71 213
574 1 3 71
-----------------------------------
1 2 107 214
646 1 2 107
-----------------------------------
1 5 43 215
526 1 5 43
-----------------------------------
1 2 3 4 6 8 9 12 18 24 27 36 54 72 108 216
216 6 6 6
-----------------------------------
1 7 31 217
510 1 7 31
-----------------------------------
1 2 109 218
658 1 2 109
-----------------------------------
1 3 73 219
590 1 3 73
-----------------------------------
1 2 4 5 10 11 20 22 44 55 110 220
238 4 5 11
-----------------------------------
1 13 17 221
502 1 13 17
-----------------------------------
1 2 3 6 37 74 111 222
382 2 3 37
-----------------------------------
1 223
894 1 1 223
-----------------------------------
1 2 4 7 8 14 16 28 32 56 112 224
232 4 7 8
-----------------------------------
1 3 5 9 15 25 45 75 225
230 5 5 9
-----------------------------------
1 2 113 226
682 1 2 113
-----------------------------------
1 227
910 1 1 227
-----------------------------------
1 2 3 4 6 12 19 38 57 76 114 228
290 3 4 19
-----------------------------------
1 229
918 1 1 229
-----------------------------------
1 2 5 10 23 46 115 230
342 2 5 23
-----------------------------------
1 3 7 11 21 33 77 231
262 3 7 11
-----------------------------------
1 2 4 8 29 58 116 232
364 2 4 29
-----------------------------------
1 233
934 1 1 233
-----------------------------------
1 2 3 6 9 13 18 26 39 78 117 234
270 3 6 13
-----------------------------------
1 5 47 235
574 1 5 47
-----------------------------------
1 2 4 59 118 236
480 2 2 59
-----------------------------------
1 3 79 237
638 1 3 79
-----------------------------------
1 2 7 14 17 34 119 238
334 2 7 17
-----------------------------------
1 239
958 1 1 239
-----------------------------------
1 2 3 4 5 6 8 10 12 15 16 20 24 30 40 48 60 80 120 240
236 5 6 8
-----------------------------------
1 241
966 1 1 241
-----------------------------------
1 2 11 22 121 242
330 2 11 11
-----------------------------------
1 3 9 27 81 243
270 3 9 9
-----------------------------------
1 2 4 61 122 244
496 2 2 61
-----------------------------------
1 5 7 35 49 245
238 5 7 7
-----------------------------------
1 2 3 6 41 82 123 246
422 2 3 41
-----------------------------------
1 13 19 247
558 1 13 19
-----------------------------------
1 2 4 8 31 62 124 248
388 2 4 31
-----------------------------------
1 3 83 249
670 1 3 83
-----------------------------------
1 2 5 10 25 50 125 250
250 5 5 10
-----------------------------------
1 251
1006 1 1 251
-----------------------------------
1 2 3 4 6 7 9 12 14 18 21 28 36 42 63 84 126 252
240 6 6 7
-----------------------------------
1 11 23 253
574 1 11 23
-----------------------------------
1 2 127 254
766 1 2 127
-----------------------------------
1 3 5 15 17 51 85 255
302 3 5 17
-----------------------------------
1 2 4 8 16 32 64 128 256
256 4 8 8
-----------------------------------
1 257
1030 1 1 257
-----------------------------------
1 2 3 6 43 86 129 258
442 2 3 43
-----------------------------------
1 7 37 259
606 1 7 37
-----------------------------------
1 2 4 5 10 13 20 26 52 65 130 260
274 4 5 13
-----------------------------------
1 3 9 29 87 261
366 3 3 29
-----------------------------------
1 2 131 262
790 1 2 131
-----------------------------------
1 263
1054 1 1 263
-----------------------------------
1 2 3 4 6 8 11 12 22 24 33 44 66 88 132 264
268 4 6 11
-----------------------------------
1 5 53 265
646 1 5 53
-----------------------------------
1 2 7 14 19 38 133 266
370 2 7 19
-----------------------------------
1 3 89 267
718 1 3 89
-----------------------------------
1 2 4 67 134 268
544 2 2 67
-----------------------------------
1 269
1078 1 1 269
-----------------------------------
1 2 3 5 6 9 10 15 18 27 30 45 54 90 135 270
258 5 6 9
-----------------------------------
1 271
1086 1 1 271
-----------------------------------
1 2 4 8 16 17 34 68 136 272
304 4 4 17
-----------------------------------
1 3 7 13 21 39 91 273
302 3 7 13
-----------------------------------
1 2 137 274
826 1 2 137
-----------------------------------
1 5 11 25 55 275
270 5 5 11
-----------------------------------
1 2 3 4 6 12 23 46 69 92 138 276
346 3 4 23
-----------------------------------
1 277
1110 1 1 277
-----------------------------------
1 2 139 278
838 1 2 139
-----------------------------------
1 3 9 31 93 279
390 3 3 31
-----------------------------------
1 2 4 5 7 8 10 14 20 28 35 40 56 70 140 280
262 5 7 8
-----------------------------------
1 281
1126 1 1 281
-----------------------------------
1 2 3 6 47 94 141 282
482 2 3 47
-----------------------------------
1 283
1134 1 1 283
-----------------------------------
1 2 4 71 142 284
576 2 2 71
-----------------------------------
1 3 5 15 19 57 95 285
334 3 5 19
-----------------------------------
1 2 11 13 22 26 143 286
382 2 11 13
-----------------------------------
1 7 41 287
670 1 7 41
-----------------------------------
1 2 3 4 6 8 9 12 16 18 24 32 36 48 72 96 144 288
264 6 6 8
-----------------------------------
1 17 289
646 1 17 17
-----------------------------------
1 2 5 10 29 58 145 290
426 2 5 29
-----------------------------------
1 3 97 291
782 1 3 97
-----------------------------------
1 2 4 73 146 292
592 2 2 73
-----------------------------------
1 293
1174 1 1 293
-----------------------------------
1 2 3 6 7 14 21 42 49 98 147 294
266 6 7 7
-----------------------------------
1 5 59 295
718 1 5 59
-----------------------------------
1 2 4 8 37 74 148 296
460 2 4 37
-----------------------------------
1 3 9 11 27 33 99 297
318 3 9 11
-----------------------------------
1 2 149 298
898 1 2 149
-----------------------------------
1 13 23 299
670 1 13 23
-----------------------------------
1 2 3 4 5 6 10 12 15 20 25 30 50 60 75 100 150 300
280 5 6 10
-----------------------------------
1 7 43 301
702 1 7 43
-----------------------------------
1 2 151 302
910 1 2 151
-----------------------------------
1 3 101 303
814 1 3 101
-----------------------------------
1 2 4 8 16 19 38 76 152 304
336 4 4 19
-----------------------------------
1 5 61 305
742 1 5 61
-----------------------------------
1 2 3 6 9 17 18 34 51 102 153 306
342 3 6 17
-----------------------------------
1 307
1230 1 1 307
-----------------------------------
1 2 4 7 11 14 22 28 44 77 154 308
298 4 7 11
-----------------------------------
1 3 103 309
830 1 3 103
-----------------------------------
1 2 5 10 31 62 155 310
454 2 5 31
-----------------------------------
1 311
1246 1 1 311
-----------------------------------
1 2 3 4 6 8 12 13 24 26 39 52 78 104 156 312
308 4 6 13
-----------------------------------
1 313
1254 1 1 313
-----------------------------------
1 2 157 314
946 1 2 157
-----------------------------------
1 3 5 7 9 15 21 35 45 63 105 315
286 5 7 9
-----------------------------------
1 2 4 79 158 316
640 2 2 79
-----------------------------------
1 317
1270 1 1 317
-----------------------------------
1 2 3 6 53 106 159 318
542 2 3 53
-----------------------------------
1 11 29 319
718 1 11 29
-----------------------------------
1 2 4 5 8 10 16 20 32 40 64 80 160 320
288 5 8 8
-----------------------------------
1 3 107 321
862 1 3 107
-----------------------------------
1 2 7 14 23 46 161 322
442 2 7 23
-----------------------------------
1 17 19 323
718 1 17 19
-----------------------------------
1 2 3 4 6 9 12 18 27 36 54 81 108 162 324
288 6 6 9
-----------------------------------
1 5 13 25 65 325
310 5 5 13
-----------------------------------
1 2 163 326
982 1 2 163
-----------------------------------
1 3 109 327
878 1 3 109
-----------------------------------
1 2 4 8 41 82 164 328
508 2 4 41
-----------------------------------
1 7 47 329
766 1 7 47
-----------------------------------
1 2 3 5 6 10 11 15 22 30 33 55 66 110 165 330
302 5 6 11
-----------------------------------
1 331
1326 1 1 331
-----------------------------------
1 2 4 83 166 332
672 2 2 83
-----------------------------------
1 3 9 37 111 333
462 3 3 37
-----------------------------------
1 2 167 334
1006 1 2 167
-----------------------------------
1 5 67 335
814 1 5 67
-----------------------------------
1 2 3 4 6 7 8 12 14 16 21 24 28 42 48 56 84 112 168 336
292 6 7 8
-----------------------------------
1 337
1350 1 1 337
-----------------------------------
1 2 13 26 169 338
442 2 13 13
-----------------------------------
1 3 113 339
910 1 3 113
-----------------------------------
1 2 4 5 10 17 20 34 68 85 170 340
346 4 5 17
-----------------------------------
1 11 31 341
766 1 11 31
-----------------------------------
1 2 3 6 9 18 19 38 57 114 171 342
378 3 6 19
-----------------------------------
1 7 49 343
294 7 7 7
-----------------------------------
1 2 4 8 43 86 172 344
532 2 4 43
-----------------------------------
1 3 5 15 23 69 115 345
398 3 5 23
-----------------------------------
1 2 173 346
1042 1 2 173
-----------------------------------
1 347
1390 1 1 347
-----------------------------------
1 2 3 4 6 12 29 58 87 116 174 348
430 3 4 29
-----------------------------------
1 349
1398 1 1 349
-----------------------------------
1 2 5 7 10 14 25 35 50 70 175 350
310 5 7 10
-----------------------------------
1 3 9 13 27 39 117 351
366 3 9 13
-----------------------------------
1 2 4 8 11 16 22 32 44 88 176 352
328 4 8 11
-----------------------------------
1 353
1414 1 1 353
-----------------------------------
1 2 3 6 59 118 177 354
602 2 3 59
-----------------------------------
1 5 71 355
862 1 5 71
-----------------------------------
1 2 4 89 178 356
720 2 2 89
-----------------------------------
1 3 7 17 21 51 119 357
382 3 7 17
-----------------------------------
1 2 179 358
1078 1 2 179
-----------------------------------
1 359
1438 1 1 359
-----------------------------------
1 2 3 4 5 6 8 9 10 12 15 18 20 24 30 36 40 45 60 72 90 120 180 360
312 6 6 10
-----------------------------------
1 19 361
798 1 19 19
-----------------------------------
1 2 181 362
1090 1 2 181
-----------------------------------
1 3 11 33 121 363
374 3 11 11
-----------------------------------
1 2 4 7 13 14 26 28 52 91 182 364
342 4 7 13
-----------------------------------
1 5 73 365
886 1 5 73
-----------------------------------
1 2 3 6 61 122 183 366
622 2 3 61
-----------------------------------
1 367
1470 1 1 367
-----------------------------------
1 2 4 8 16 23 46 92 184 368
400 4 4 23
-----------------------------------
1 3 9 41 123 369
510 3 3 41
-----------------------------------
1 2 5 10 37 74 185 370
538 2 5 37
-----------------------------------
1 7 53 371
862 1 7 53
-----------------------------------
1 2 3 4 6 12 31 62 93 124 186 372
458 3 4 31
-----------------------------------
1 373
1494 1 1 373
-----------------------------------
1 2 11 17 22 34 187 374
486 2 11 17
-----------------------------------
1 3 5 15 25 75 125 375
350 5 5 15
-----------------------------------
1 2 4 8 47 94 188 376
580 2 4 47
-----------------------------------
1 13 29 377
838 1 13 29
-----------------------------------
1 2 3 6 7 9 14 18 21 27 42 54 63 126 189 378
318 6 7 9
-----------------------------------
1 379
1518 1 1 379
-----------------------------------
1 2 4 5 10 19 20 38 76 95 190 380
382 4 5 19
-----------------------------------
1 3 127 381
1022 1 3 127
-----------------------------------
1 2 191 382
1150 1 2 191
-----------------------------------
1 383
1534 1 1 383
-----------------------------------
1 2 3 4 6 8 12 16 24 32 48 64 96 128 192 384
320 6 8 8
-----------------------------------
1 5 7 11 35 55 77 385
334 5 7 11
-----------------------------------
1 2 193 386
1162 1 2 193
-----------------------------------
1 3 9 43 129 387
534 3 3 43
-----------------------------------
1 2 4 97 194 388
784 2 2 97
-----------------------------------
1 389
1558 1 1 389
-----------------------------------
1 2 3 5 6 10 13 15 26 30 39 65 78 130 195 390
346 5 6 13
-----------------------------------
1 17 23 391
862 1 17 23
-----------------------------------
1 2 4 7 8 14 28 49 56 98 196 392
322 7 7 8
-----------------------------------
1 3 131 393
1054 1 3 131
-----------------------------------
1 2 197 394
1186 1 2 197
-----------------------------------
1 5 79 395
958 1 5 79
-----------------------------------
1 2 3 4 6 9 11 12 18 22 33 36 44 66 99 132 198 396
336 6 6 11
-----------------------------------
1 397
1590 1 1 397
-----------------------------------
1 2 199 398
1198 1 2 199
-----------------------------------
1 3 7 19 21 57 133 399
422 3 7 19
-----------------------------------
1 2 4 5 8 10 16 20 25 40 50 80 100 200 400
340 5 8 10
-----------------------------------
1 401
1606 1 1 401
-----------------------------------
1 2 3 6 67 134 201 402
682 2 3 67
-----------------------------------
1 13 31 403
894 1 13 31
-----------------------------------
1 2 4 101 202 404
816 2 2 101
-----------------------------------
1 3 5 9 15 27 45 81 135 405
342 5 9 9
-----------------------------------
1 2 7 14 29 58 203 406
550 2 7 29
-----------------------------------
1 11 37 407
910 1 11 37
-----------------------------------
1 2 3 4 6 8 12 17 24 34 51 68 102 136 204 408
388 4 6 17
-----------------------------------
1 409
1638 1 1 409
-----------------------------------
1 2 5 10 41 82 205 410
594 2 5 41
-----------------------------------
1 3 137 411
1102 1 3 137
-----------------------------------
1 2 4 103 206 412
832 2 2 103
-----------------------------------
1 7 59 413
958 1 7 59
-----------------------------------
1 2 3 6 9 18 23 46 69 138 207 414
450 3 6 23
-----------------------------------
1 5 83 415
1006 1 5 83
-----------------------------------
1 2 4 8 13 16 26 32 52 104 208 416
376 4 8 13
-----------------------------------
1 3 139 417
1118 1 3 139
-----------------------------------
1 2 11 19 22 38 209 418
538 2 11 19
-----------------------------------
1 419
1678 1 1 419
-----------------------------------
1 2 3 4 5 6 7 10 12 14 15 20 21 28 30 35 42 60 70 84 105 140 210 420
344 6 7 10
-----------------------------------
1 421
1686 1 1 421
-----------------------------------
1 2 211 422
1270 1 2 211
-----------------------------------
1 3 9 47 141 423
582 3 3 47
-----------------------------------
1 2 4 8 53 106 212 424
652 2 4 53
-----------------------------------
1 5 17 25 85 425
390 5 5 17
-----------------------------------
1 2 3 6 71 142 213 426
722 2 3 71
-----------------------------------
1 7 61 427
990 1 7 61
-----------------------------------
1 2 4 107 214 428
864 2 2 107
-----------------------------------
1 3 11 13 33 39 143 429
430 3 11 13
-----------------------------------
1 2 5 10 43 86 215 430
622 2 5 43
-----------------------------------
1 431
1726 1 1 431
-----------------------------------
1 2 3 4 6 8 9 12 16 18 24 27 36 48 54 72 108 144 216 432
348 6 8 9
-----------------------------------
1 433
1734 1 1 433
-----------------------------------
1 2 7 14 31 62 217 434
586 2 7 31
-----------------------------------
1 3 5 15 29 87 145 435
494 3 5 29
-----------------------------------
1 2 4 109 218 436
880 2 2 109
-----------------------------------
1 19 23 437
958 1 19 23
-----------------------------------
1 2 3 6 73 146 219 438
742 2 3 73
-----------------------------------
1 439
1758 1 1 439
-----------------------------------
1 2 4 5 8 10 11 20 22 40 44 55 88 110 220 440
366 5 8 11
-----------------------------------
1 3 7 9 21 49 63 147 441
350 7 7 9
-----------------------------------
1 2 13 17 26 34 221 442
562 2 13 17
-----------------------------------
1 443
1774 1 1 443
-----------------------------------
1 2 3 4 6 12 37 74 111 148 222 444
542 3 4 37
-----------------------------------
1 5 89 445
1078 1 5 89
-----------------------------------
1 2 223 446
1342 1 2 223
-----------------------------------
1 3 149 447
1198 1 3 149
-----------------------------------
1 2 4 7 8 14 16 28 32 56 64 112 224 448
352 7 8 8
-----------------------------------
1 449
1798 1 1 449
-----------------------------------
1 2 3 5 6 9 10 15 18 25 30 45 50 75 90 150 225 450
370 5 9 10
-----------------------------------
1 11 41 451
1006 1 11 41
-----------------------------------
1 2 4 113 226 452
912 2 2 113
-----------------------------------
1 3 151 453
1214 1 3 151
-----------------------------------
1 2 227 454
1366 1 2 227
-----------------------------------
1 5 7 13 35 65 91 455
382 5 7 13
-----------------------------------
1 2 3 4 6 8 12 19 24 38 57 76 114 152 228 456
428 4 6 19
-----------------------------------
1 457
1830 1 1 457
-----------------------------------
1 2 229 458
1378 1 2 229
-----------------------------------
1 3 9 17 27 51 153 459
462 3 9 17
-----------------------------------
1 2 4 5 10 20 23 46 92 115 230 460
454 4 5 23
-----------------------------------
1 461
1846 1 1 461
-----------------------------------
1 2 3 6 7 11 14 21 22 33 42 66 77 154 231 462
370 6 7 11
-----------------------------------
1 463
1854 1 1 463
-----------------------------------
1 2 4 8 16 29 58 116 232 464
496 4 4 29
-----------------------------------
1 3 5 15 31 93 155 465
526 3 5 31
-----------------------------------
1 2 233 466
1402 1 2 233
-----------------------------------
1 467
1870 1 1 467
-----------------------------------
1 2 3 4 6 9 12 13 18 26 36 39 52 78 117 156 234 468
384 6 6 13
-----------------------------------
1 7 67 469
1086 1 7 67
-----------------------------------
1 2 5 10 47 94 235 470
678 2 5 47
-----------------------------------
1 3 157 471
1262 1 3 157
-----------------------------------
1 2 4 8 59 118 236 472
724 2 4 59
-----------------------------------
1 11 43 473
1054 1 11 43
-----------------------------------
1 2 3 6 79 158 237 474
802 2 3 79
-----------------------------------
1 5 19 25 95 475
430 5 5 19
-----------------------------------
1 2 4 7 14 17 28 34 68 119 238 476
430 4 7 17
-----------------------------------
1 3 9 53 159 477
654 3 3 53
-----------------------------------
1 2 239 478
1438 1 2 239
-----------------------------------
1 479
1918 1 1 479
-----------------------------------
1 2 3 4 5 6 8 10 12 15 16 20 24 30 32 40 48 60 80 96 120 160 240 480
376 6 8 10
-----------------------------------
1 13 37 481
1062 1 13 37
-----------------------------------
1 2 241 482
1450 1 2 241
-----------------------------------
1 3 7 21 23 69 161 483
502 3 7 23
-----------------------------------
1 2 4 11 22 44 121 242 484
418 4 11 11
-----------------------------------
1 5 97 485
1174 1 5 97
-----------------------------------
1 2 3 6 9 18 27 54 81 162 243 486
378 6 9 9
-----------------------------------
1 487
1950 1 1 487
-----------------------------------
1 2 4 8 61 122 244 488
748 2 4 61
-----------------------------------
1 3 163 489
1310 1 3 163
-----------------------------------
1 2 5 7 10 14 35 49 70 98 245 490
378 7 7 10
-----------------------------------
1 491
1966 1 1 491
-----------------------------------
1 2 3 4 6 12 41 82 123 164 246 492
598 3 4 41
-----------------------------------
1 17 29 493
1078 1 17 29
-----------------------------------
1 2 13 19 26 38 247 494
622 2 13 19
-----------------------------------
1 3 5 9 11 15 33 45 55 99 165 495
398 5 9 11
-----------------------------------
1 2 4 8 16 31 62 124 248 496
528 4 4 31
-----------------------------------
1 7 71 497
1150 1 7 71
-----------------------------------
1 2 3 6 83 166 249 498
842 2 3 83
-----------------------------------
1 499
1998 1 1 499
-----------------------------------
1 2 4 5 10 20 25 50 100 125 250 500
400 5 10 10
-----------------------------------
1 3 167 501
1342 1 3 167
-----------------------------------
1 2 251 502
1510 1 2 251
-----------------------------------
1 503
2014 1 1 503
-----------------------------------
1 2 3 4 6 7 8 9 12 14 18 21 24 28 36 42 56 63 72 84 126 168 252 504
382 7 8 9
-----------------------------------
1 5 101 505
1222 1 5 101
-----------------------------------
1 2 11 22 23 46 253 506
642 2 11 23
-----------------------------------
1 3 13 39 169 507
494 3 13 13
-----------------------------------
1 2 4 127 254 508
1024 2 2 127
-----------------------------------
1 509
2038 1 1 509
-----------------------------------
1 2 3 5 6 10 15 17 30 34 51 85 102 170 255 510
434 5 6 17
-----------------------------------
1 7 73 511
1182 1 7 73
-----------------------------------
1 2 4 8 16 32 64 128 256 512
384 8 8 8
-----------------------------------
1 3 9 19 27 57 171 513
510 3 9 19
-----------------------------------
1 2 257 514
1546 1 2 257
-----------------------------------
1 5 103 515
1246 1 5 103
-----------------------------------
1 2 3 4 6 12 43 86 129 172 258 516
626 3 4 43
-----------------------------------
1 11 47 517
1150 1 11 47
-----------------------------------
1 2 7 14 37 74 259 518
694 2 7 37
-----------------------------------
1 3 173 519
1390 1 3 173
-----------------------------------
1 2 4 5 8 10 13 20 26 40 52 65 104 130 260 520
418 5 8 13
-----------------------------------
1 521
2086 1 1 521
-----------------------------------
1 2 3 6 9 18 29 58 87 174 261 522
558 3 6 29
-----------------------------------
1 523
2094 1 1 523
-----------------------------------
1 2 4 131 262 524
1056 2 2 131
-----------------------------------
1 3 5 7 15 21 25 35 75 105 175 525
430 5 7 15
-----------------------------------
1 2 263 526
1582 1 2 263
-----------------------------------
1 17 31 527
1150 1 17 31
-----------------------------------
1 2 3 4 6 8 11 12 16 22 24 33 44 48 66 88 132 176 264 528
404 6 8 11
-----------------------------------
1 23 529
1150 1 23 23
-----------------------------------
1 2 5 10 53 106 265 530
762 2 5 53
-----------------------------------
1 3 9 59 177 531
726 3 3 59
-----------------------------------
1 2 4 7 14 19 28 38 76 133 266 532
474 4 7 19
-----------------------------------
1 13 41 533
1174 1 13 41
-----------------------------------
1 2 3 6 89 178 267 534
902 2 3 89
-----------------------------------
1 5 107 535
1294 1 5 107
-----------------------------------
1 2 4 8 67 134 268 536
820 2 4 67
-----------------------------------
1 3 179 537
1438 1 3 179
-----------------------------------
1 2 269 538
1618 1 2 269
-----------------------------------
1 7 11 49 77 539
406 7 7 11
-----------------------------------
1 2 3 4 5 6 9 10 12 15 18 20 27 30 36 45 54 60 90 108 135 180 270 540
408 6 9 10
-----------------------------------
1 541
2166 1 1 541
-----------------------------------
1 2 271 542
1630 1 2 271
-----------------------------------
1 3 181 543
1454 1 3 181
-----------------------------------
1 2 4 8 16 17 32 34 68 136 272 544
472 4 8 17
-----------------------------------
1 5 109 545
1318 1 5 109
-----------------------------------
1 2 3 6 7 13 14 21 26 39 42 78 91 182 273 546
422 6 7 13
-----------------------------------
1 547
2190 1 1 547
-----------------------------------
1 2 4 137 274 548
1104 2 2 137
-----------------------------------
1 3 9 61 183 549
750 3 3 61
-----------------------------------
1 2 5 10 11 22 25 50 55 110 275 550
430 5 10 11
-----------------------------------
1 19 29 551
1198 1 19 29
-----------------------------------
1 2 3 4 6 8 12 23 24 46 69 92 138 184 276 552
508 4 6 23
-----------------------------------
1 7 79 553
1278 1 7 79
-----------------------------------
1 2 277 554
1666 1 2 277
-----------------------------------
1 3 5 15 37 111 185 555
622 3 5 37
-----------------------------------
1 2 4 139 278 556
1120 2 2 139
-----------------------------------
1 557
2230 1 1 557
-----------------------------------
1 2 3 6 9 18 31 62 93 186 279 558
594 3 6 31
-----------------------------------
1 13 43 559
1230 1 13 43
-----------------------------------
1 2 4 5 7 8 10 14 16 20 28 35 40 56 70 80 112 140 280 560
412 7 8 10
-----------------------------------
1 3 11 17 33 51 187 561
542 3 11 17
-----------------------------------
1 2 281 562
1690 1 2 281
-----------------------------------
1 563
2254 1 1 563
-----------------------------------
1 2 3 4 6 12 47 94 141 188 282 564
682 3 4 47
-----------------------------------
1 5 113 565
1366 1 5 113
-----------------------------------
1 2 283 566
1702 1 2 283
-----------------------------------
1 3 7 9 21 27 63 81 189 567
414 7 9 9
-----------------------------------
1 2 4 8 71 142 284 568
868 2 4 71
-----------------------------------
1 569
2278 1 1 569
-----------------------------------
1 2 3 5 6 10 15 19 30 38 57 95 114 190 285 570
478 5 6 19
-----------------------------------
1 571
2286 1 1 571
-----------------------------------
1 2 4 11 13 22 26 44 52 143 286 572
478 4 11 13
-----------------------------------
1 3 191 573
1534 1 3 191
-----------------------------------
1 2 7 14 41 82 287 574
766 2 7 41
-----------------------------------
1 5 23 25 115 575
510 5 5 23
-----------------------------------
1 2 3 4 6 8 9 12 16 18 24 32 36 48 64 72 96 144 192 288 576
416 8 8 9
-----------------------------------
1 577
2310 1 1 577
-----------------------------------
1 2 17 34 289 578
714 2 17 17
-----------------------------------
1 3 193 579
1550 1 3 193
-----------------------------------
1 2 4 5 10 20 29 58 116 145 290 580
562 4 5 29
-----------------------------------
1 7 83 581
1342 1 7 83
-----------------------------------
1 2 3 6 97 194 291 582
982 2 3 97
-----------------------------------
1 11 53 583
1294 1 11 53
-----------------------------------
1 2 4 8 73 146 292 584
892 2 4 73
-----------------------------------
1 3 5 9 13 15 39 45 65 117 195 585
454 5 9 13
-----------------------------------
1 2 293 586
1762 1 2 293
-----------------------------------
1 587
2350 1 1 587
-----------------------------------
1 2 3 4 6 7 12 14 21 28 42 49 84 98 147 196 294 588
434 7 7 12
-----------------------------------
1 19 31 589
1278 1 19 31
-----------------------------------
1 2 5 10 59 118 295 590
846 2 5 59
-----------------------------------
1 3 197 591
1582 1 3 197
-----------------------------------
1 2 4 8 16 37 74 148 296 592
624 4 4 37
-----------------------------------
1 593
2374 1 1 593
-----------------------------------
1 2 3 6 9 11 18 22 27 33 54 66 99 198 297 594
438 6 9 11
-----------------------------------
1 5 7 17 35 85 119 595
478 5 7 17
-----------------------------------
1 2 4 149 298 596
1200 2 2 149
-----------------------------------
1 3 199 597
1598 1 3 199
-----------------------------------
1 2 13 23 26 46 299 598
742 2 13 23
-----------------------------------
1 599
2398 1 1 599
-----------------------------------
1 2 3 4 5 6 8 10 12 15 20 24 25 30 40 50 60 75 100 120 150 200 300 600
440 6 10 10
-----------------------------------
1 601
2406 1 1 601
-----------------------------------
1 2 7 14 43 86 301 602
802 2 7 43
-----------------------------------
1 3 9 67 201 603
822 3 3 67
-----------------------------------
1 2 4 151 302 604
1216 2 2 151
-----------------------------------
1 5 11 55 121 605
462 5 11 11
-----------------------------------
1 2 3 6 101 202 303 606
1022 2 3 101
-----------------------------------
1 607
2430 1 1 607
-----------------------------------
1 2 4 8 16 19 32 38 76 152 304 608
520 4 8 19
-----------------------------------
1 3 7 21 29 87 203 609
622 3 7 29
-----------------------------------
1 2 5 10 61 122 305 610
874 2 5 61
-----------------------------------
1 13 47 611
1342 1 13 47
-----------------------------------
1 2 3 4 6 9 12 17 18 34 36 51 68 102 153 204 306 612
480 6 6 17
-----------------------------------
1 613
2454 1 1 613
-----------------------------------
1 2 307 614
1846 1 2 307
-----------------------------------
1 3 5 15 41 123 205 615
686 3 5 41
-----------------------------------
1 2 4 7 8 11 14 22 28 44 56 77 88 154 308 616
442 7 8 11
-----------------------------------
1 617
2470 1 1 617
-----------------------------------
1 2 3 6 103 206 309 618
1042 2 3 103
-----------------------------------
1 619
2478 1 1 619
-----------------------------------
1 2 4 5 10 20 31 62 124 155 310 620
598 4 5 31
-----------------------------------
1 3 9 23 27 69 207 621
606 3 9 23
-----------------------------------
1 2 311 622
1870 1 2 311
-----------------------------------
1 7 89 623
1438 1 7 89
-----------------------------------
1 2 3 4 6 8 12 13 16 24 26 39 48 52 78 104 156 208 312 624
460 6 8 13
-----------------------------------
1 5 25 125 625
550 5 5 25
-----------------------------------
1 2 313 626
1882 1 2 313
-----------------------------------
1 3 11 19 33 57 209 627
598 3 11 19
-----------------------------------
1 2 4 157 314 628
1264 2 2 157
-----------------------------------
1 17 37 629
1366 1 17 37
-----------------------------------
1 2 3 5 6 7 9 10 14 15 18 21 30 35 42 45 63 70 90 105 126 210 315 630
446 7 9 10
-----------------------------------
1 631
2526 1 1 631
-----------------------------------
1 2 4 8 79 158 316 632
964 2 4 79
-----------------------------------
1 3 211 633
1694 1 3 211
-----------------------------------
1 2 317 634
1906 1 2 317
-----------------------------------
1 5 127 635
1534 1 5 127
-----------------------------------
1 2 3 4 6 12 53 106 159 212 318 636
766 3 4 53
-----------------------------------
1 7 13 49 91 637
462 7 7 13
-----------------------------------
1 2 11 22 29 58 319 638
798 2 11 29
-----------------------------------
1 3 9 71 213 639
870 3 3 71
-----------------------------------
1 2 4 5 8 10 16 20 32 40 64 80 128 160 320 640
448 8 8 10
-----------------------------------
1 641
2566 1 1 641
-----------------------------------
1 2 3 6 107 214 321 642
1082 2 3 107
-----------------------------------
1 643
2574 1 1 643
-----------------------------------
1 2 4 7 14 23 28 46 92 161 322 644
562 4 7 23
-----------------------------------
1 3 5 15 43 129 215 645
718 3 5 43
-----------------------------------
1 2 17 19 34 38 323 646
790 2 17 19
-----------------------------------
1 647
2590 1 1 647
-----------------------------------
1 2 3 4 6 8 9 12 18 24 27 36 54 72 81 108 162 216 324 648
450 8 9 9
-----------------------------------
1 11 59 649
1438 1 11 59
-----------------------------------
1 2 5 10 13 25 26 50 65 130 325 650
490 5 10 13
-----------------------------------
1 3 7 21 31 93 217 651
662 3 7 31
-----------------------------------
1 2 4 163 326 652
1312 2 2 163
-----------------------------------
1 653
2614 1 1 653
-----------------------------------
1 2 3 6 109 218 327 654
1102 2 3 109
-----------------------------------
1 5 131 655
1582 1 5 131
-----------------------------------
1 2 4 8 16 41 82 164 328 656
688 4 4 41
-----------------------------------
1 3 9 73 219 657
894 3 3 73
-----------------------------------
1 2 7 14 47 94 329 658
874 2 7 47
-----------------------------------
1 659
2638 1 1 659
-----------------------------------
1 2 3 4 5 6 10 11 12 15 20 22 30 33 44 55 60 66 110 132 165 220 330 660
472 6 10 11
-----------------------------------
1 661
2646 1 1 661
-----------------------------------
1 2 331 662
1990 1 2 331
-----------------------------------
1 3 13 17 39 51 221 663
622 3 13 17
-----------------------------------
1 2 4 8 83 166 332 664
1012 2 4 83
-----------------------------------
1 5 7 19 35 95 133 665
526 5 7 19
-----------------------------------
1 2 3 6 9 18 37 74 111 222 333 666
702 3 6 37
-----------------------------------
1 23 29 667
1438 1 23 29
-----------------------------------
1 2 4 167 334 668
1344 2 2 167
-----------------------------------
1 3 223 669
1790 1 3 223
-----------------------------------
1 2 5 10 67 134 335 670
958 2 5 67
-----------------------------------
1 11 61 671
1486 1 11 61
-----------------------------------
1 2 3 4 6 7 8 12 14 16 21 24 28 32 42 48 56 84 96 112 168 224 336 672
472 7 8 12
-----------------------------------
1 673
2694 1 1 673
-----------------------------------
1 2 337 674
2026 1 2 337
-----------------------------------
1 3 5 9 15 25 27 45 75 135 225 675
510 5 9 15
-----------------------------------
1 2 4 13 26 52 169 338 676
546 4 13 13
-----------------------------------
1 677
2710 1 1 677
-----------------------------------
1 2 3 6 113 226 339 678
1142 2 3 113
-----------------------------------
1 7 97 679
1566 1 7 97
-----------------------------------
1 2 4 5 8 10 17 20 34 40 68 85 136 170 340 680
522 5 8 17
-----------------------------------
1 3 227 681
1822 1 3 227
-----------------------------------
1 2 11 22 31 62 341 682
850 2 11 31
-----------------------------------
1 683
2734 1 1 683
-----------------------------------
1 2 3 4 6 9 12 18 19 36 38 57 76 114 171 228 342 684
528 6 6 19
-----------------------------------
1 5 137 685
1654 1 5 137
-----------------------------------
1 2 7 14 49 98 343 686
490 7 7 14
-----------------------------------
1 3 229 687
1838 1 3 229
-----------------------------------
1 2 4 8 16 43 86 172 344 688
720 4 4 43
-----------------------------------
1 13 53 689
1510 1 13 53
-----------------------------------
1 2 3 5 6 10 15 23 30 46 69 115 138 230 345 690
566 5 6 23
-----------------------------------
1 691
2766 1 1 691
-----------------------------------
1 2 4 173 346 692
1392 2 2 173
-----------------------------------
1 3 7 9 11 21 33 63 77 99 231 693
478 7 9 11
-----------------------------------
1 2 347 694
2086 1 2 347
-----------------------------------
1 5 139 695
1678 1 5 139
-----------------------------------
1 2 3 4 6 8 12 24 29 58 87 116 174 232 348 696
628 4 6 29
-----------------------------------
1 17 41 697
1510 1 17 41
-----------------------------------
1 2 349 698
2098 1 2 349
-----------------------------------
1 3 233 699
1870 1 3 233
-----------------------------------
1 2 4 5 7 10 14 20 25 28 35 50 70 100 140 175 350 700
480 7 10 10
-----------------------------------
1 701
2806 1 1 701
-----------------------------------
1 2 3 6 9 13 18 26 27 39 54 78 117 234 351 702
498 6 9 13
-----------------------------------
1 19 37 703
1518 1 19 37
-----------------------------------
1 2 4 8 11 16 22 32 44 64 88 176 352 704
480 8 8 11
-----------------------------------
1 3 5 15 47 141 235 705
782 3 5 47
-----------------------------------
1 2 353 706
2122 1 2 353
-----------------------------------
1 7 101 707
1630 1 7 101
-----------------------------------
1 2 3 4 6 12 59 118 177 236 354 708
850 3 4 59
-----------------------------------
1 709
2838 1 1 709
-----------------------------------
1 2 5 10 71 142 355 710
1014 2 5 71
-----------------------------------
1 3 9 79 237 711
966 3 3 79
-----------------------------------
1 2 4 8 89 178 356 712
1084 2 4 89
-----------------------------------
1 23 31 713
1534 1 23 31
-----------------------------------
1 2 3 6 7 14 17 21 34 42 51 102 119 238 357 714
526 6 7 17
-----------------------------------
1 5 11 13 55 65 143 715
526 5 11 13
-----------------------------------
1 2 4 179 358 716
1440 2 2 179
-----------------------------------
1 3 239 717
1918 1 3 239
-----------------------------------
1 2 359 718
2158 1 2 359
-----------------------------------
1 719
2878 1 1 719
-----------------------------------
1 2 3 4 5 6 8 9 10 12 15 16 18 20 24 30 36 40 45 48 60 72 80 90 120 144 180 240 360 720
484 8 9 10
-----------------------------------
1 7 103 721
1662 1 7 103
-----------------------------------
1 2 19 38 361 722
874 2 19 19
-----------------------------------
1 3 241 723
1934 1 3 241
-----------------------------------
1 2 4 181 362 724
1456 2 2 181
-----------------------------------
1 5 25 29 145 725
630 5 5 29
-----------------------------------
1 2 3 6 11 22 33 66 121 242 363 726
506 6 11 11
-----------------------------------
1 727
2910 1 1 727
-----------------------------------
1 2 4 7 8 13 14 26 28 52 56 91 104 182 364 728
502 7 8 13
-----------------------------------
1 3 9 27 81 243 729
486 9 9 9
-----------------------------------
1 2 5 10 73 146 365 730
1042 2 5 73
-----------------------------------
1 17 43 731
1582 1 17 43
-----------------------------------
1 2 3 4 6 12 61 122 183 244 366 732
878 3 4 61
-----------------------------------
1 733
2934 1 1 733
-----------------------------------
1 2 367 734
2206 1 2 367
-----------------------------------
1 3 5 7 15 21 35 49 105 147 245 735
518 7 7 15
-----------------------------------
1 2 4 8 16 23 32 46 92 184 368 736
616 4 8 23
-----------------------------------
1 11 67 737
1630 1 11 67
-----------------------------------
1 2 3 6 9 18 41 82 123 246 369 738
774 3 6 41
-----------------------------------
1 739
2958 1 1 739
-----------------------------------
1 2 4 5 10 20 37 74 148 185 370 740
706 4 5 37
-----------------------------------
1 3 13 19 39 57 247 741
686 3 13 19
-----------------------------------
1 2 7 14 53 106 371 742
982 2 7 53
-----------------------------------
1 743
2974 1 1 743
-----------------------------------
1 2 3 4 6 8 12 24 31 62 93 124 186 248 372 744
668 4 6 31
-----------------------------------
1 5 149 745
1798 1 5 149
-----------------------------------
1 2 373 746
2242 1 2 373
-----------------------------------
1 3 9 83 249 747
1014 3 3 83
-----------------------------------
1 2 4 11 17 22 34 44 68 187 374 748
598 4 11 17
-----------------------------------
1 7 107 749
1726 1 7 107
-----------------------------------
1 2 3 5 6 10 15 25 30 50 75 125 150 250 375 750
550 5 10 15
-----------------------------------
1 751
3006 1 1 751
-----------------------------------
1 2 4 8 16 47 94 188 376 752
784 4 4 47
-----------------------------------
1 3 251 753
2014 1 3 251
-----------------------------------
1 2 13 26 29 58 377 754
922 2 13 29
-----------------------------------
1 5 151 755
1822 1 5 151
-----------------------------------
1 2 3 4 6 7 9 12 14 18 21 27 28 36 42 54 63 84 108 126 189 252 378 756
510 7 9 12
-----------------------------------
1 757
3030 1 1 757
-----------------------------------
1 2 379 758
2278 1 2 379
-----------------------------------
1 3 11 23 33 69 253 759
710 3 11 23
-----------------------------------
1 2 4 5 8 10 19 20 38 40 76 95 152 190 380 760
574 5 8 19
-----------------------------------
1 761
3046 1 1 761
-----------------------------------
1 2 3 6 127 254 381 762
1282 2 3 127
-----------------------------------
1 7 109 763
1758 1 7 109
-----------------------------------
1 2 4 191 382 764
1536 2 2 191
-----------------------------------
1 3 5 9 15 17 45 51 85 153 255 765
566 5 9 17
-----------------------------------
1 2 383 766
2302 1 2 383
-----------------------------------
1 13 59 767
1678 1 13 59
-----------------------------------
1 2 3 4 6 8 12 16 24 32 48 64 96 128 192 256 384 768
512 8 8 12
-----------------------------------
1 769
3078 1 1 769
-----------------------------------
1 2 5 7 10 11 14 22 35 55 70 77 110 154 385 770
514 7 10 11
-----------------------------------
1 3 257 771
2062 1 3 257
-----------------------------------
1 2 4 193 386 772
1552 2 2 193
-----------------------------------
1 773
3094 1 1 773
-----------------------------------
1 2 3 6 9 18 43 86 129 258 387 774
810 3 6 43
-----------------------------------
1 5 25 31 155 775
670 5 5 31
-----------------------------------
1 2 4 8 97 194 388 776
1180 2 4 97
-----------------------------------
1 3 7 21 37 111 259 777
782 3 7 37
-----------------------------------
1 2 389 778
2338 1 2 389
-----------------------------------
1 19 41 779
1678 1 19 41
-----------------------------------
1 2 3 4 5 6 10 12 13 15 20 26 30 39 52 60 65 78 130 156 195 260 390 780
536 6 10 13
-----------------------------------
1 11 71 781
1726 1 11 71
-----------------------------------
1 2 17 23 34 46 391 782
942 2 17 23
-----------------------------------
1 3 9 27 29 87 261 783
750 3 9 29
-----------------------------------
1 2 4 7 8 14 16 28 49 56 98 112 196 392 784
532 7 8 14
-----------------------------------
1 5 157 785
1894 1 5 157
-----------------------------------
1 2 3 6 131 262 393 786
1322 2 3 131
-----------------------------------
1 787
3150 1 1 787
-----------------------------------
1 2 4 197 394 788
1584 2 2 197
-----------------------------------
1 3 263 789
2110 1 3 263
-----------------------------------
1 2 5 10 79 158 395 790
1126 2 5 79
-----------------------------------
1 7 113 791
1822 1 7 113
-----------------------------------
1 2 3 4 6 8 9 11 12 18 22 24 33 36 44 66 72 88 99 132 198 264 396 792
518 8 9 11
-----------------------------------
1 13 61 793
1734 1 13 61
-----------------------------------
1 2 397 794
2386 1 2 397
-----------------------------------
1 3 5 15 53 159 265 795
878 3 5 53
-----------------------------------
1 2 4 199 398 796
1600 2 2 199
-----------------------------------
1 797
3190 1 1 797
-----------------------------------
1 2 3 6 7 14 19 21 38 42 57 114 133 266 399 798
578 6 7 19
-----------------------------------
1 17 47 799
1726 1 17 47
-----------------------------------
1 2 4 5 8 10 16 20 25 32 40 50 80 100 160 200 400 800
520 8 10 10
-----------------------------------
1 3 9 89 267 801
1086 3 3 89
-----------------------------------
1 2 401 802
2410 1 2 401
-----------------------------------
1 11 73 803
1774 1 11 73
-----------------------------------
1 2 3 4 6 12 67 134 201 268 402 804
962 3 4 67
-----------------------------------
1 5 7 23 35 115 161 805
622 5 7 23
-----------------------------------
1 2 13 26 31 62 403 806
982 2 13 31
-----------------------------------
1 3 269 807
2158 1 3 269
-----------------------------------
1 2 4 8 101 202 404 808
1228 2 4 101
-----------------------------------
1 809
3238 1 1 809
-----------------------------------
1 2 3 5 6 9 10 15 18 27 30 45 54 81 90 135 162 270 405 810
522 9 9 10
-----------------------------------
1 811
3246 1 1 811
-----------------------------------
1 2 4 7 14 28 29 58 116 203 406 812
694 4 7 29
-----------------------------------
1 3 271 813
2174 1 3 271
-----------------------------------
1 2 11 22 37 74 407 814
1006 2 11 37
-----------------------------------
1 5 163 815
1966 1 5 163
-----------------------------------
1 2 3 4 6 8 12 16 17 24 34 48 51 68 102 136 204 272 408 816
572 6 8 17
-----------------------------------
1 19 43 817
1758 1 19 43
-----------------------------------
1 2 409 818
2458 1 2 409
-----------------------------------
1 3 7 9 13 21 39 63 91 117 273 819
542 7 9 13
-----------------------------------
1 2 4 5 10 20 41 82 164 205 410 820
778 4 5 41
-----------------------------------
1 821
3286 1 1 821
-----------------------------------
1 2 3 6 137 274 411 822
1382 2 3 137
-----------------------------------
1 823
3294 1 1 823
-----------------------------------
1 2 4 8 103 206 412 824
1252 2 4 103
-----------------------------------
1 3 5 11 15 25 33 55 75 165 275 825
590 5 11 15
-----------------------------------
1 2 7 14 59 118 413 826
1090 2 7 59
-----------------------------------
1 827
3310 1 1 827
-----------------------------------
1 2 3 4 6 9 12 18 23 36 46 69 92 138 207 276 414 828
624 6 6 23
-----------------------------------
1 829
3318 1 1 829
-----------------------------------
1 2 5 10 83 166 415 830
1182 2 5 83
-----------------------------------
1 3 277 831
2222 1 3 277
-----------------------------------
1 2 4 8 13 16 26 32 52 64 104 208 416 832
544 8 8 13
-----------------------------------
1 7 17 49 119 833
574 7 7 17
-----------------------------------
1 2 3 6 139 278 417 834
1402 2 3 139
-----------------------------------
1 5 167 835
2014 1 5 167
-----------------------------------
1 2 4 11 19 22 38 44 76 209 418 836
658 4 11 19
-----------------------------------
1 3 9 27 31 93 279 837
798 3 9 31
-----------------------------------
1 2 419 838
2518 1 2 419
-----------------------------------
1 839
3358 1 1 839
-----------------------------------
1 2 3 4 5 6 7 8 10 12 14 15 20 21 24 28 30 35 40 42 56 60 70 84 105 120 140 168 210 280 420 840
548 7 10 12
-----------------------------------
1 29 841
1798 1 29 29
-----------------------------------
1 2 421 842
2530 1 2 421
-----------------------------------
1 3 281 843
2254 1 3 281
-----------------------------------
1 2 4 211 422 844
1696 2 2 211
-----------------------------------
1 5 13 65 169 845
598 5 13 13
-----------------------------------
1 2 3 6 9 18 47 94 141 282 423 846
882 3 6 47
-----------------------------------
1 7 11 77 121 847
550 7 11 11
-----------------------------------
1 2 4 8 16 53 106 212 424 848
880 4 4 53
-----------------------------------
1 3 283 849
2270 1 3 283
-----------------------------------
1 2 5 10 17 25 34 50 85 170 425 850
610 5 10 17
-----------------------------------
1 23 37 851
1822 1 23 37
-----------------------------------
1 2 3 4 6 12 71 142 213 284 426 852
1018 3 4 71
-----------------------------------
1 853
3414 1 1 853
-----------------------------------
1 2 7 14 61 122 427 854
1126 2 7 61
-----------------------------------
1 3 5 9 15 19 45 57 95 171 285 855
622 5 9 19
-----------------------------------
1 2 4 8 107 214 428 856
1300 2 4 107
-----------------------------------
1 857
3430 1 1 857
-----------------------------------
1 2 3 6 11 13 22 26 33 39 66 78 143 286 429 858
574 6 11 13
-----------------------------------
1 859
3438 1 1 859
-----------------------------------
1 2 4 5 10 20 43 86 172 215 430 860
814 4 5 43
-----------------------------------
1 3 7 21 41 123 287 861
862 3 7 41
-----------------------------------
1 2 431 862
2590 1 2 431
-----------------------------------
1 863
3454 1 1 863
-----------------------------------
1 2 3 4 6 8 9 12 16 18 24 27 32 36 48 54 72 96 108 144 216 288 432 864
552 8 9 12
-----------------------------------
1 5 173 865
2086 1 5 173
-----------------------------------
1 2 433 866
2602 1 2 433
-----------------------------------
1 3 17 51 289 867
782 3 17 17
-----------------------------------
1 2 4 7 14 28 31 62 124 217 434 868
738 4 7 31
-----------------------------------
1 11 79 869
1918 1 11 79
-----------------------------------
1 2 3 5 6 10 15 29 30 58 87 145 174 290 435 870
698 5 6 29
-----------------------------------
1 13 67 871
1902 1 13 67
-----------------------------------
1 2 4 8 109 218 436 872
1324 2 4 109
-----------------------------------
1 3 9 97 291 873
1182 3 3 97
-----------------------------------
1 2 19 23 38 46 437 874
1042 2 19 23
-----------------------------------
1 5 7 25 35 125 175 875
670 5 7 25
-----------------------------------
1 2 3 4 6 12 73 146 219 292 438 876
1046 3 4 73
-----------------------------------
1 877
3510 1 1 877
-----------------------------------
1 2 439 878
2638 1 2 439
-----------------------------------
1 3 293 879
2350 1 3 293
-----------------------------------
1 2 4 5 8 10 11 16 20 22 40 44 55 80 88 110 176 220 440 880
556 8 10 11
-----------------------------------
1 881
3526 1 1 881
-----------------------------------
1 2 3 6 7 9 14 18 21 42 49 63 98 126 147 294 441 882
574 7 9 14
-----------------------------------
1 883
3534 1 1 883
-----------------------------------
1 2 4 13 17 26 34 52 68 221 442 884
682 4 13 17
-----------------------------------
1 3 5 15 59 177 295 885
974 3 5 59
-----------------------------------
1 2 443 886
2662 1 2 443
-----------------------------------
1 887
3550 1 1 887
-----------------------------------
1 2 3 4 6 8 12 24 37 74 111 148 222 296 444 888
788 4 6 37
-----------------------------------
1 7 127 889
2046 1 7 127
-----------------------------------
1 2 5 10 89 178 445 890
1266 2 5 89
-----------------------------------
1 3 9 11 27 33 81 99 297 891
558 9 9 11
-----------------------------------
1 2 4 223 446 892
1792 2 2 223
-----------------------------------
1 19 47 893
1918 1 19 47
-----------------------------------
1 2 3 6 149 298 447 894
1502 2 3 149
-----------------------------------
1 5 179 895
2158 1 5 179
-----------------------------------
1 2 4 7 8 14 16 28 32 56 64 112 128 224 448 896
576 8 8 14
-----------------------------------
1 3 13 23 39 69 299 897
814 3 13 23
-----------------------------------
1 2 449 898
2698 1 2 449
-----------------------------------
1 29 31 899
1918 1 29 31
-----------------------------------
1 2 3 4 5 6 9 10 12 15 18 20 25 30 36 45 50 60 75 90 100 150 180 225 300 450 900
560 9 10 10
-----------------------------------
1 17 53 901
1942 1 17 53
-----------------------------------
1 2 11 22 41 82 451 902
1110 2 11 41
-----------------------------------
1 3 7 21 43 129 301 903
902 3 7 43
-----------------------------------
1 2 4 8 113 226 452 904
1372 2 4 113
-----------------------------------
1 5 181 905
2182 1 5 181
-----------------------------------
1 2 3 6 151 302 453 906
1522 2 3 151
-----------------------------------
1 907
3630 1 1 907
-----------------------------------
1 2 4 227 454 908
1824 2 2 227
-----------------------------------
1 3 9 101 303 909
1230 3 3 101
-----------------------------------
1 2 5 7 10 13 14 26 35 65 70 91 130 182 455 910
582 7 10 13
-----------------------------------
1 911
3646 1 1 911
-----------------------------------
1 2 3 4 6 8 12 16 19 24 38 48 57 76 114 152 228 304 456 912
628 6 8 19
-----------------------------------
1 11 83 913
2014 1 11 83
-----------------------------------
1 2 457 914
2746 1 2 457
-----------------------------------
1 3 5 15 61 183 305 915
1006 3 5 61
-----------------------------------
1 2 4 229 458 916
1840 2 2 229
-----------------------------------
1 7 131 917
2110 1 7 131
-----------------------------------
1 2 3 6 9 17 18 27 34 51 54 102 153 306 459 918
618 6 9 17
-----------------------------------
1 919
3678 1 1 919
-----------------------------------
1 2 4 5 8 10 20 23 40 46 92 115 184 230 460 920
678 5 8 23
-----------------------------------
1 3 307 921
2462 1 3 307
-----------------------------------
1 2 461 922
2770 1 2 461
-----------------------------------
1 13 71 923
2014 1 13 71
-----------------------------------
1 2 3 4 6 7 11 12 14 21 22 28 33 42 44 66 77 84 132 154 231 308 462 924
586 7 11 12
-----------------------------------
1 5 25 37 185 925
790 5 5 37
-----------------------------------
1 2 463 926
2782 1 2 463
-----------------------------------
1 3 9 103 309 927
1254 3 3 103
-----------------------------------
1 2 4 8 16 29 32 58 116 232 464 928
760 4 8 29
-----------------------------------
1 929
3718 1 1 929
-----------------------------------
1 2 3 5 6 10 15 30 31 62 93 155 186 310 465 930
742 5 6 31
-----------------------------------
1 7 19 49 133 931
630 7 7 19
-----------------------------------
1 2 4 233 466 932
1872 2 2 233
-----------------------------------
1 3 311 933
2494 1 3 311
-----------------------------------
1 2 467 934
2806 1 2 467
-----------------------------------
1 5 11 17 55 85 187 935
654 5 11 17
-----------------------------------
1 2 3 4 6 8 9 12 13 18 24 26 36 39 52 72 78 104 117 156 234 312 468 936
586 8 9 13
-----------------------------------
1 937
3750 1 1 937
-----------------------------------
1 2 7 14 67 134 469 938
1234 2 7 67
-----------------------------------
1 3 313 939
2510 1 3 313
-----------------------------------
1 2 4 5 10 20 47 94 188 235 470 940
886 4 5 47
-----------------------------------
1 941
3766 1 1 941
-----------------------------------
1 2 3 6 157 314 471 942
1582 2 3 157
-----------------------------------
1 23 41 943
2014 1 23 41
-----------------------------------
1 2 4 8 16 59 118 236 472 944
976 4 4 59
-----------------------------------
1 3 5 7 9 15 21 27 35 45 63 105 135 189 315 945
606 7 9 15
-----------------------------------
1 2 11 22 43 86 473 946
1162 2 11 43
-----------------------------------
1 947
3790 1 1 947
-----------------------------------
1 2 3 4 6 12 79 158 237 316 474 948
1130 3 4 79
-----------------------------------
1 13 73 949
2070 1 13 73
-----------------------------------
1 2 5 10 19 25 38 50 95 190 475 950
670 5 10 19
-----------------------------------
1 3 317 951
2542 1 3 317
-----------------------------------
1 2 4 7 8 14 17 28 34 56 68 119 136 238 476 952
622 7 8 17
-----------------------------------
1 953
3814 1 1 953
-----------------------------------
1 2 3 6 9 18 53 106 159 318 477 954
990 3 6 53
-----------------------------------
1 5 191 955
2302 1 5 191
-----------------------------------
1 2 4 239 478 956
1920 2 2 239
-----------------------------------
1 3 11 29 33 87 319 957
878 3 11 29
-----------------------------------
1 2 479 958
2878 1 2 479
-----------------------------------
1 7 137 959
2206 1 7 137
-----------------------------------
1 2 3 4 5 6 8 10 12 15 16 20 24 30 32 40 48 60 64 80 96 120 160 192 240 320 480 960
592 8 10 12
-----------------------------------
1 31 961
2046 1 31 31
-----------------------------------
1 2 13 26 37 74 481 962
1162 2 13 37
-----------------------------------
1 3 9 107 321 963
1302 3 3 107
-----------------------------------
1 2 4 241 482 964
1936 2 2 241
-----------------------------------
1 5 193 965
2326 1 5 193
-----------------------------------
1 2 3 6 7 14 21 23 42 46 69 138 161 322 483 966
682 6 7 23
-----------------------------------
1 967
3870 1 1 967
-----------------------------------
1 2 4 8 11 22 44 88 121 242 484 968
594 8 11 11
-----------------------------------
1 3 17 19 51 57 323 969
862 3 17 19
-----------------------------------
1 2 5 10 97 194 485 970
1378 2 5 97
-----------------------------------
1 971
3886 1 1 971
-----------------------------------
1 2 3 4 6 9 12 18 27 36 54 81 108 162 243 324 486 972
594 9 9 12
-----------------------------------
1 7 139 973
2238 1 7 139
-----------------------------------
1 2 487 974
2926 1 2 487
-----------------------------------
1 3 5 13 15 25 39 65 75 195 325 975
670 5 13 15
-----------------------------------
1 2 4 8 16 61 122 244 488 976
1008 4 4 61
-----------------------------------
1 977
3910 1 1 977
-----------------------------------
1 2 3 6 163 326 489 978
1642 2 3 163
-----------------------------------
1 11 89 979
2158 1 11 89
-----------------------------------
1 2 4 5 7 10 14 20 28 35 49 70 98 140 196 245 490 980
616 7 10 14
-----------------------------------
1 3 9 109 327 981
1326 3 3 109
-----------------------------------
1 2 491 982
2950 1 2 491
-----------------------------------
1 983
3934 1 1 983
-----------------------------------
1 2 3 4 6 8 12 24 41 82 123 164 246 328 492 984
868 4 6 41
-----------------------------------
1 5 197 985
2374 1 5 197
-----------------------------------
1 2 17 29 34 58 493 986
1170 2 17 29
-----------------------------------
1 3 7 21 47 141 329 987
982 3 7 47
-----------------------------------
1 2 4 13 19 26 38 52 76 247 494 988
750 4 13 19
-----------------------------------
1 23 43 989
2110 1 23 43
-----------------------------------
1 2 3 5 6 9 10 11 15 18 22 30 33 45 55 66 90 99 110 165 198 330 495 990
598 9 10 11
-----------------------------------
1 991
3966 1 1 991
-----------------------------------
1 2 4 8 16 31 32 62 124 248 496 992
808 4 8 31
-----------------------------------
1 3 331 993
2654 1 3 331
-----------------------------------
1 2 7 14 71 142 497 994
1306 2 7 71
-----------------------------------
1 5 199 995
2398 1 5 199
-----------------------------------
1 2 3 4 6 12 83 166 249 332 498 996
1186 3 4 83
-----------------------------------
1 997
3990 1 1 997
-----------------------------------
1 2 499 998
2998 1 2 499
-----------------------------------
1 3 9 27 37 111 333 999
942 3 9 37
